Running Gradle task 'assembleDebug'...                          
lib/core/services/biometric_service.dart:30:24: Error: Not a constant expression.
        options: const AuthenticationOptions(
                       ^^^^^^^^^^^^^^^^^^^^^
lib/core/services/biometric_service.dart:30:9: Error: No named parameter with the name 'options'.
        options: const AuthenticationOptions(
        ^^^^^^^
Target kernel_snapshot_program failed: Exception


FAILURE: Build failed with an exception.

* What went wrong:
Execution failed for task ':app:compileFlutterBuildDebug'.
> Process 'command '/Users/sarojkumar/development/flutter/bin/flutter'' finished with non-zero exit value 1

* Try:
> Run with --stacktrace option to get the stack trace.
> Run with --info or --debug option to get more log output.
> Run with --scan to get full insights.
> Get more help at https://help.gradle.org.

BUILD FAILED in 10s
Running Gradle task 'assembleDebug'...                             10.3s
Gradle task assembleDebug failed with exit code 1
