Running Gradle task 'assembleDebug'...                          
lib/core/services/biometric_service.dart:30:18: Error: The method 'AuthenticationOptions' isn't defined for the type 'BiometricService'.
 - 'BiometricService' is from 'package:kirayabook/core/services/biometric_service.dart' ('lib/core/services/biometric_service.dart').
Try correcting the name to the name of an existing method, or defining a method named 'AuthenticationOptions'.
        options: AuthenticationOptions(
                 ^^^^^^^^^^^^^^^^^^^^^
lib/core/services/biometric_service.dart:30:9: Error: No named parameter with the name 'options'.
        options: AuthenticationOptions(
        ^^^^^^^
Target kernel_snapshot_program failed: Exception


FAILURE: Build failed with an exception.

* What went wrong:
Execution failed for task ':app:compileFlutterBuildDebug'.
> Process 'command '/Users/sarojkumar/development/flutter/bin/flutter'' finished with non-zero exit value 1

* Try:
> Run with --stacktrace option to get the stack trace.
> Run with --info or --debug option to get more log output.
> Run with --scan to get full insights.
> Get more help at https://help.gradle.org.

BUILD FAILED in 3s
Running Gradle task 'assembleDebug'...                              3.7s
Gradle task assembleDebug failed with exit code 1
